<?xml version="1.0" encoding="UTF-8"?>
<testsuites name="TestSuite1" time="1.509" tests="1" failures="0" errors="0">
   <testsuite name="TestSuite1" tests="1" failures="0" errors="0" time="1.509" skipped="0" timestamp="2021-06-28 20:33:00" hostname="naresh.manthrabuddi - BRILAP2530.BRILLIO.COM" id="Test Suites/TestSuite1">
      <properties>
         <property name="deviceName" value=""/>
         <property name="devicePlatform" value=""/>
         <property name="logFolder" value="C:\\Users\\naresh.manthrabuddi\\git\\kat-test\\Reports\\20210628_203258\\TestSuite1\\20210628_203258"/>
         <property name="logFiles" value="C:\\Users\\naresh.manthrabuddi\\git\\kat-test\\Reports\\20210628_203258\\TestSuite1\\20210628_203258\\execution0.log"/>
         <property name="attachments" value=""/>
         <property name="hostName" value="naresh.manthrabuddi - BRILAP2530.BRILLIO.COM"/>
         <property name="hostAddress" value="192.168.0.10"/>
         <property name="os" value="Windows 10 64bit"/>
         <property name="katalonVersion" value="8.0.1.208"/>
      </properties>
      <testcase name="Test Cases/TestCase1" time="0.361" classname="Test Cases/TestCase1" status="PASSED">
         <system-out><![CDATA[2021-06-28 20:33:01 - [TEST_CASE][PASSED] - Test Cases/TestCase1: Test Cases/TestCase1

2021-06-28 20:33:01 - [TEST_STEP][PASSED] - return null: null]]></system-out>
         <system-err><![CDATA[]]></system-err>
      </testcase>
      <system-out><![CDATA[2021-06-28 20:33:00 - [TEST_SUITE][PASSED] - TestSuite1: Test Cases/TestCase1]]></system-out>
      <system-err><![CDATA[]]></system-err>
   </testsuite>
</testsuites>
